[2026-04-15T16:41:21.887839] create_file - success (150ms)
[2026-04-15T16:41:21.890068] modify_file - success (200ms)
[2026-04-15T16:41:21.891078] run_tests - success (250ms)
[2026-04-15T16:56:53.042745] update_spec - success (2.11ms)
[2026-04-15T16:56:53.050053] modify_file - failed (0.86ms)
{"timestamp": "2026-04-16T01:09:16.900946", "event_type": "verification_test", "message": "Audit logging test"}
{"timestamp": "2026-04-16T01:09:17.201626", "event_type": "workflow_test", "spec_valid": true, "worker_status": "idle"}
{"timestamp": "2026-04-16T01:10:26.856935", "event_type": "verification_test", "message": "Audit logging test"}
{"timestamp": "2026-04-16T01:10:27.116332", "event_type": "workflow_test", "spec_valid": true, "worker_status": "idle"}
{"timestamp": "2026-04-16T01:12:13.654254", "event_type": "verification_test", "message": "Audit logging test"}
{"timestamp": "2026-04-16T01:12:14.366054", "event_type": "workflow_test", "spec_valid": true, "worker_status": "idle"}
{"timestamp": "2026-04-16T02:26:37.976761", "event_type": "spec_validation", "engine": "rule-engine", "violations_count": 1, "rules_checked": 5}
{"timestamp": "2026-04-16T02:26:38.350146", "event_type": "worker_started", "worker_id": "worker-20260416010916", "max_tasks": 0, "validation_skipped": true}
{"timestamp": "2026-04-16T02:26:38.351943", "event_type": "task_started", "worker_id": "worker-20260416010916", "task_id": "Task-023", "priority": "LOW"}
{"timestamp": "2026-04-16T02:26:38.352596", "event_type": "worker_stopped", "worker_id": "worker-20260416010916", "tasks_processed": 0}
{"timestamp": "2026-04-16T02:29:41.604947", "event_type": "spec_validation", "engine": "rule-engine", "violations_count": 1, "rules_checked": 5}
{"timestamp": "2026-04-16T02:29:41.960359", "event_type": "worker_started", "worker_id": "worker-20260416010916", "max_tasks": 0, "validation_skipped": true}
{"timestamp": "2026-04-16T02:29:41.961967", "event_type": "task_started", "worker_id": "worker-20260416010916", "task_id": "Task-023", "priority": "LOW"}
{"timestamp": "2026-04-16T02:29:42.276020", "event_type": "task_completed", "worker_id": "worker-20260416010916", "task_id": "Task-023", "retries": 0}
{"timestamp": "2026-04-16T02:29:43.277738", "event_type": "task_started", "worker_id": "worker-20260416010916", "task_id": "Task-011", "priority": "LOW"}
{"timestamp": "2026-04-16T02:29:43.381080", "event_type": "task_completed", "worker_id": "worker-20260416010916", "task_id": "Task-011", "retries": 0}
{"timestamp": "2026-04-16T02:29:44.382839", "event_type": "task_started", "worker_id": "worker-20260416010916", "task_id": "Task-012", "priority": "LOW"}
{"timestamp": "2026-04-16T02:29:44.485798", "event_type": "task_completed", "worker_id": "worker-20260416010916", "task_id": "Task-012", "retries": 0}
{"timestamp": "2026-04-16T02:31:25.504388", "event_type": "spec_validation", "engine": "rule-engine", "violations_count": 1, "rules_checked": 5}
{"timestamp": "2026-04-16T02:31:25.762722", "event_type": "worker_started", "worker_id": "worker-20260416010916", "max_tasks": 0, "validation_skipped": true}
{"timestamp": "2026-04-16T02:31:25.764182", "event_type": "task_started", "worker_id": "worker-20260416010916", "task_id": "Task-013", "priority": "LOW"}
{"timestamp": "2026-04-16T02:31:25.868109", "event_type": "task_completed", "worker_id": "worker-20260416010916", "task_id": "Task-013", "retries": 0}
{"timestamp": "2026-04-16T02:31:26.870031", "event_type": "task_started", "worker_id": "worker-20260416010916", "task_id": "Task-014", "priority": "LOW"}
{"timestamp": "2026-04-16T02:31:26.973099", "event_type": "task_completed", "worker_id": "worker-20260416010916", "task_id": "Task-014", "retries": 0}
{"timestamp": "2026-04-16T02:31:27.975245", "event_type": "task_started", "worker_id": "worker-20260416010916", "task_id": "Task-015", "priority": "LOW"}
{"timestamp": "2026-04-16T02:31:28.078188", "event_type": "task_completed", "worker_id": "worker-20260416010916", "task_id": "Task-015", "retries": 0}
{"timestamp": "2026-04-16T02:33:03.383319", "event_type": "spec_validation", "engine": "rule-engine", "violations_count": 1, "rules_checked": 5}
{"timestamp": "2026-04-16T02:33:03.748150", "event_type": "worker_started", "worker_id": "worker-20260416010916", "max_tasks": 0, "validation_skipped": true}
{"timestamp": "2026-04-16T02:33:03.749397", "event_type": "worker_stopped", "worker_id": "worker-20260416010916", "tasks_processed": 0}
{"timestamp": "2026-04-16T02:33:15.768752", "event_type": "spec_validation", "engine": "rule-engine", "violations_count": 1, "rules_checked": 5}
{"timestamp": "2026-04-16T02:33:16.132072", "event_type": "worker_started", "worker_id": "worker-20260416010916", "max_tasks": 0, "validation_skipped": true}
{"timestamp": "2026-04-16T02:33:16.133323", "event_type": "worker_stopped", "worker_id": "worker-20260416010916", "tasks_processed": 0}
{"timestamp": "2026-04-16T02:34:14.555280", "event_type": "spec_validation", "engine": "rule-engine", "violations_count": 1, "rules_checked": 5}
{"timestamp": "2026-04-16T04:51:21.146256", "event_type": "spec_validation", "engine": "rule-engine", "violations_count": 1, "rules_checked": 5}
{"timestamp": "2026-04-16T04:51:21.538196", "event_type": "worker_started", "worker_id": "worker-20260416010916", "max_tasks": 0, "validation_skipped": true}
{"timestamp": "2026-04-16T04:51:21.539632", "event_type": "worker_stopped", "worker_id": "worker-20260416010916", "tasks_processed": 0}
{"timestamp": "2026-04-16T04:51:31.610737", "event_type": "verification_test", "message": "Audit logging test"}
{"timestamp": "2026-04-16T04:51:31.895295", "event_type": "workflow_test", "spec_valid": true, "worker_status": "stopped"}
